<?xml version="1.0" encoding="UTF-8"?>
<testsuite name="alura.automacao.app.FeatureCadastro" tests="1" skipped="0" failures="0" errors="0" timestamp="2022-05-07T15:57:47" hostname="NI-INV2914" time="13.652">
  <properties/>
  <testcase name="cadastrar_usuario_valido()" classname="alura.automacao.app.FeatureCadastro" time="13.652"/>
  <system-out><![CDATA[]]></system-out>
  <system-err><![CDATA[SLF4J: Failed to load class "org.slf4j.impl.StaticLoggerBinder".
SLF4J: Defaulting to no-operation (NOP) logger implementation
SLF4J: See http://www.slf4j.org/codes.html#StaticLoggerBinder for further details.
]]></system-err>
</testsuite>
